<?xml version="1.0" encoding="UTF-8"?>
<!-- Generated by org.testng.reporters.JUnitReportReporter -->
<testsuite hostname="DESKTOP-K5VKVHF" failures="0" tests="1" name="com.neotech.lesson1.Homework" time="5.092" errors="0" timestamp="2021-11-30T21:07:20 EST" skipped="0">
  <testcase classname="com.neotech.lesson1.Homework" name="validUsername" time="5.092"/>
  <system-out/>
</testsuite> <!-- com.neotech.lesson1.Homework -->
