<?xml version="1.0" encoding="UTF-8"?>
<!-- Generated by org.testng.reporters.JUnitReportReporter -->
<testsuite hostname="DESKTOP-K5VKVHF" failures="0" tests="3" name="com.neotech.lesson1.TestNGAnnotations" time="0.018" errors="0" timestamp="2021-11-30T14:18:16 EST" skipped="0">
  <testcase classname="com.neotech.lesson1.TestNGAnnotations" name="tese1" time="0.009"/>
  <system-out/>
  <testcase classname="com.neotech.lesson1.TestNGAnnotations" name="tese3" time="0.006"/>
  <system-out/>
  <testcase classname="com.neotech.lesson1.TestNGAnnotations" name="tese2" time="0.003"/>
  <system-out/>
</testsuite> <!-- com.neotech.lesson1.TestNGAnnotations -->
