<?xml version="1.0" encoding="UTF-8"?>
<!-- Generated by org.testng.reporters.JUnitReportReporter -->
<testsuite hostname="DESKTOP-K5VKVHF" failures="0" tests="3" name="com.neotech.lesson1.TestNGDemo" time="0.017" errors="0" timestamp="2021-11-30T03:52:14 EST" skipped="0">
  <testcase classname="com.neotech.lesson1.TestNGDemo" name="testThree" time="0.004"/>
  <system-out/>
  <testcase classname="com.neotech.lesson1.TestNGDemo" name="testTwo" time="0.003"/>
  <system-out/>
  <testcase classname="com.neotech.lesson1.TestNGDemo" name="testOne" time="0.010"/>
  <system-out/>
</testsuite> <!-- com.neotech.lesson1.TestNGDemo -->
