<?xml version="1.0" encoding="UTF-8"?>
<!-- Generated by org.testng.reporters.JUnitReportReporter -->
<testsuite hostname="DESKTOP-K5VKVHF" failures="0" tests="3" name="com.neotech.lesson1.TitleAndLoginValidation" time="20.871" errors="0" timestamp="2021-11-30T15:31:48 EST" skipped="0">
  <testcase classname="com.neotech.lesson1.TitleAndLoginValidation" name="logoValidation" time="5.695"/>
  <system-out/>
  <testcase classname="com.neotech.lesson1.TitleAndLoginValidation" name="loginValidation" time="8.945"/>
  <system-out/>
  <testcase classname="com.neotech.lesson1.TitleAndLoginValidation" name="titleValidation" time="6.231"/>
  <system-out/>
</testsuite> <!-- com.neotech.lesson1.TitleAndLoginValidation -->
